0 info it worked if it ends with ok
1 verbose cli [ '/home/kz/.nvm/versions/node/v7.1.0/bin/node',
1 verbose cli   '/home/kz/.nvm/versions/node/v7.1.0/bin/npm',
1 verbose cli   'start' ]
2 info using npm@3.10.9
3 info using node@v7.1.0
4 verbose run-script [ 'prestart', 'start', 'poststart' ]
5 info lifecycle pw@0.0.0~prestart: pw@0.0.0
6 silly lifecycle pw@0.0.0~prestart: no script for prestart, continuing
7 info lifecycle pw@0.0.0~start: pw@0.0.0
8 verbose lifecycle pw@0.0.0~start: unsafe-perm in lifecycle true
9 verbose lifecycle pw@0.0.0~start: PATH: /home/kz/.nvm/versions/node/v7.1.0/lib/node_modules/npm/bin/node-gyp-bin:/home/kz/code/pw/node_modules/.bin:/home/kz/.nvm/versions/node/v7.1.0/bin:/home/kz/bin:/home/kz/.local/bin:/usr/local/sbin:/usr/local/bin:/usr/sbin:/usr/bin:/sbin:/bin:/usr/games:/usr/local/games:/snap/bin
10 verbose lifecycle pw@0.0.0~start: CWD: /home/kz/code/pw
11 silly lifecycle pw@0.0.0~start: Args: [ '-c', 'node ./bin/www' ]
12 silly lifecycle pw@0.0.0~start: Returned: code: 1  signal: null
13 info lifecycle pw@0.0.0~start: Failed to exec start script
14 verbose stack Error: pw@0.0.0 start: `node ./bin/www`
14 verbose stack Exit status 1
14 verbose stack     at EventEmitter.<anonymous> (/home/kz/.nvm/versions/node/v7.1.0/lib/node_modules/npm/lib/utils/lifecycle.js:255:16)
14 verbose stack     at emitTwo (events.js:106:13)
14 verbose stack     at EventEmitter.emit (events.js:191:7)
14 verbose stack     at ChildProcess.<anonymous> (/home/kz/.nvm/versions/node/v7.1.0/lib/node_modules/npm/lib/utils/spawn.js:40:14)
14 verbose stack     at emitTwo (events.js:106:13)
14 verbose stack     at ChildProcess.emit (events.js:191:7)
14 verbose stack     at maybeClose (internal/child_process.js:885:16)
14 verbose stack     at Process.ChildProcess._handle.onexit (internal/child_process.js:226:5)
15 verbose pkgid pw@0.0.0
16 verbose cwd /home/kz/code/pw
17 error Linux 4.4.0-47-generic
18 error argv "/home/kz/.nvm/versions/node/v7.1.0/bin/node" "/home/kz/.nvm/versions/node/v7.1.0/bin/npm" "start"
19 error node v7.1.0
20 error npm  v3.10.9
21 error code ELIFECYCLE
22 error pw@0.0.0 start: `node ./bin/www`
22 error Exit status 1
23 error Failed at the pw@0.0.0 start script 'node ./bin/www'.
23 error Make sure you have the latest version of node.js and npm installed.
23 error If you do, this is most likely a problem with the pw package,
23 error not with npm itself.
23 error Tell the author that this fails on your system:
23 error     node ./bin/www
23 error You can get information on how to open an issue for this project with:
23 error     npm bugs pw
23 error Or if that isn't available, you can get their info via:
23 error     npm owner ls pw
23 error There is likely additional logging output above.
24 verbose exit [ 1, true ]
